<?xml version="1.0" encoding="UTF-8"?>
<!-- Generated by org.testng.reporters.JUnitXMLReporter -->
<testsuite hostname="Divakrish" ignored="1" name="Test" tests="2" failures="0" timestamp="13 Apr 2019 07:07:44 GMT" time="0.063" errors="0">
  <testcase name="test1" time="0.0" classname="org.excel.TestngPractice"/>
  <testcase name="test1" time="0.0" classname="org.excel.TestngPractice"/>
  <testcase name="test" time="0.0" classname="org.excel.TestngPractice">
    <ignored/>
  </testcase> <!-- test -->
</testsuite> <!-- Test -->
